<?xml version="1.0" encoding="UTF-8"?>
<!-- Generated by org.testng.reporters.JUnitXMLReporter -->
<testsuite hostname="LAPTOP-LCDT9TF2" failures="1" tests="6" name="Learning Framework TestNG XML" time="161.857" errors="0" timestamp="6 Sep 2019 10:14:22 GMT">
  <testcase classname="com.qa.hubspot.test.LoginPageTest" name="loginTest" time="14.375"/>
  <testcase classname="com.qa.hubspot.test.LoginPageTest" name="loginPageTitleTest" time="8.495"/>
  <testcase classname="com.qa.hubspot.test.HomePageTest" name="verifyHomePageHeaderTest" time="0.206"/>
  <testcase classname="com.qa.hubspot.test.HomePageTest" name="verifyLoggedIn" time="0.001"/>
  <testcase classname="com.qa.hubspot.test.HomePageTest" name="verifyLoggedInUserAccountTest" time="4.059">
    <failure type="java.lang.AssertionError" message="expected [naveenautomationlabs ] but found [NIIT Technologies ]">
      <![CDATA[java.lang.AssertionError: expected [naveenautomationlabs ] but found [NIIT Technologies ]
	at com.qa.hubspot.test.HomePageTest.verifyLoggedInUserAccountTest(HomePageTest.java:60)
... Removed 30 stack frames]]>
    </failure>
  </testcase> <!-- verifyLoggedInUserAccountTest -->
  <testcase classname="com.qa.hubspot.test.HomePageTest" name="verifyHomePageTitleTest" time="0.015"/>
</testsuite> <!-- Learning Framework TestNG XML -->
